2019-09-14 09:46:28 [::1][-][a37r70nk2ibn7l3fvidsani2nq][error][yii\db\IntegrityException] PDOException: SQLSTATE[23000]: Integrity constraint violation: 1452 Cannot add or update a child row: a foreign key constraint fails (`rems`.`user`, CONSTRAINT `user_ibfk_1` FOREIGN KEY (`organization_id`) REFERENCES `organization` (`id`)) in F:\web development\xampp\htdocs\rems\vendor\yiisoft\yii2\db\Command.php:1290
Stack trace:
#0 F:\web development\xampp\htdocs\rems\vendor\yiisoft\yii2\db\Command.php(1290): PDOStatement->execute()
#1 F:\web development\xampp\htdocs\rems\vendor\yiisoft\yii2\db\Command.php(1091): yii\db\Command->internalExecute('INSERT INTO `us...')
#2 F:\web development\xampp\htdocs\rems\vendor\yiisoft\yii2\db\Schema.php(432): yii\db\Command->execute()
#3 F:\web development\xampp\htdocs\rems\vendor\yiisoft\yii2\db\ActiveRecord.php(600): yii\db\Schema->insert('{{%user}}', Array)
#4 F:\web development\xampp\htdocs\rems\vendor\yiisoft\yii2\db\ActiveRecord.php(566): yii\db\ActiveRecord->insertInternal(NULL)
#5 F:\web development\xampp\htdocs\rems\vendor\yiisoft\yii2\db\BaseActiveRecord.php(678): yii\db\ActiveRecord->insert(true, NULL)
#6 F:\web development\xampp\htdocs\rems\frontend\models\SignupForm.php(57): yii\db\BaseActiveRecord->save()
#7 F:\web development\xampp\htdocs\rems\frontend\controllers\SiteController.php(156): frontend\models\SignupForm->signup()
#8 [internal function]: frontend\controllers\SiteController->actionSignup()
#9 F:\web development\xampp\htdocs\rems\vendor\yiisoft\yii2\base\InlineAction.php(57): call_user_func_array(Array, Array)
#10 F:\web development\xampp\htdocs\rems\vendor\yiisoft\yii2\base\Controller.php(157): yii\base\InlineAction->runWithParams(Array)
#11 F:\web development\xampp\htdocs\rems\vendor\yiisoft\yii2\base\Module.php(528): yii\base\Controller->runAction('signup', Array)
#12 F:\web development\xampp\htdocs\rems\vendor\yiisoft\yii2\web\Application.php(103): yii\base\Module->runAction('site/signup', Array)
#13 F:\web development\xampp\htdocs\rems\vendor\yiisoft\yii2\base\Application.php(386): yii\web\Application->handleRequest(Object(yii\web\Request))
#14 F:\web development\xampp\htdocs\rems\frontend\web\index.php(17): yii\base\Application->run()
#15 {main}

Next yii\db\IntegrityException: SQLSTATE[23000]: Integrity constraint violation: 1452 Cannot add or update a child row: a foreign key constraint fails (`rems`.`user`, CONSTRAINT `user_ibfk_1` FOREIGN KEY (`organization_id`) REFERENCES `organization` (`id`))
The SQL being executed was: INSERT INTO `user` (`username`, `email`, `password_hash`, `auth_key`, `verification_token`, `status`, `created_at`, `updated_at`) VALUES ('dexdevs', 'dexdevs@gmail.com', '$2y$13$YK4XwVZuYM0efxPpJZFit.a6hXxhJ4GEl9ZJaLp5y7kHZupNMlzSi', 'ZaSF2IBpuW-LBMZfKh68PHFNEniGfDQ8', 'pE-aOIaqkOc9SVcOG9MhL5pccHMgw4x3_1568447188', 9, 1568447188, 1568447188) in F:\web development\xampp\htdocs\rems\vendor\yiisoft\yii2\db\Schema.php:674
Stack trace:
#0 F:\web development\xampp\htdocs\rems\vendor\yiisoft\yii2\db\Command.php(1295): yii\db\Schema->convertException(Object(PDOException), 'INSERT INTO `us...')
#1 F:\web development\xampp\htdocs\rems\vendor\yiisoft\yii2\db\Command.php(1091): yii\db\Command->internalExecute('INSERT INTO `us...')
#2 F:\web development\xampp\htdocs\rems\vendor\yiisoft\yii2\db\Schema.php(432): yii\db\Command->execute()
#3 F:\web development\xampp\htdocs\rems\vendor\yiisoft\yii2\db\ActiveRecord.php(600): yii\db\Schema->insert('{{%user}}', Array)
#4 F:\web development\xampp\htdocs\rems\vendor\yiisoft\yii2\db\ActiveRecord.php(566): yii\db\ActiveRecord->insertInternal(NULL)
#5 F:\web development\xampp\htdocs\rems\vendor\yiisoft\yii2\db\BaseActiveRecord.php(678): yii\db\ActiveRecord->insert(true, NULL)
#6 F:\web development\xampp\htdocs\rems\frontend\models\SignupForm.php(57): yii\db\BaseActiveRecord->save()
#7 F:\web development\xampp\htdocs\rems\frontend\controllers\SiteController.php(156): frontend\models\SignupForm->signup()
#8 [internal function]: frontend\controllers\SiteController->actionSignup()
#9 F:\web development\xampp\htdocs\rems\vendor\yiisoft\yii2\base\InlineAction.php(57): call_user_func_array(Array, Array)
#10 F:\web development\xampp\htdocs\rems\vendor\yiisoft\yii2\base\Controller.php(157): yii\base\InlineAction->runWithParams(Array)
#11 F:\web development\xampp\htdocs\rems\vendor\yiisoft\yii2\base\Module.php(528): yii\base\Controller->runAction('signup', Array)
#12 F:\web development\xampp\htdocs\rems\vendor\yiisoft\yii2\web\Application.php(103): yii\base\Module->runAction('site/signup', Array)
#13 F:\web development\xampp\htdocs\rems\vendor\yiisoft\yii2\base\Application.php(386): yii\web\Application->handleRequest(Object(yii\web\Request))
#14 F:\web development\xampp\htdocs\rems\frontend\web\index.php(17): yii\base\Application->run()
#15 {main}
Additional Information:
Array
(
    [0] => 23000
    [1] => 1452
    [2] => Cannot add or update a child row: a foreign key constraint fails (`rems`.`user`, CONSTRAINT `user_ibfk_1` FOREIGN KEY (`organization_id`) REFERENCES `organization` (`id`))
)

2019-09-14 09:46:26 [::1][-][a37r70nk2ibn7l3fvidsani2nq][info][application] $_GET = [
    'r' => 'site/signup'
]

$_POST = [
    '_csrf-frontend' => 'Sz8ne-4-Bt6HsqfuvjG52XAY7bnveMWGK1LMTxhtSmMjaEAki3FPvbXqwrnJY4-1FzWa8YIgo_NnArodeUAQLA=='
    'SignupForm' => [
        'username' => 'dexdevs'
        'email' => 'dexdevs@gmail.com'
        'password' => 'dexdevs'
    ]
    'signup-button' => ''
]

$_FILES = []

$_COOKIE = [
    '_identity-backend' => '0bc1d2a163f8c52fbd6c3e8bb9e35f2647c43ce5905895374bb3034dbe4b7e3ea:2:{i:0;s:17:\"_identity-backend\";i:1;s:46:\"[1,\"E3o-4bvdBwY6RnwN7VZK3NEFhlxVeDh_\",2592000]\";}'
    'advanced-backend' => 'rdbdmhjl2fmf73d9v27tf0n5jc'
    '_csrf-backend' => '02edba2707a3c1e3da3a72d3fffb053f87d39b57a602dfa7ca3e24c18a72ef0aa:2:{i:0;s:13:\"_csrf-backend\";i:1;s:32:\"4GWv0ruUPxioUNNTzHPR2tFmotBFG2IM\";}'
    'advanced-frontend' => 'a37r70nk2ibn7l3fvidsani2nq'
    '_csrf-frontend' => 'a7a66d2a21baa016513cec44c692e8c6c5c734ac3e7ec9c6a367a3e7c43299e2a:2:{i:0;s:14:\"_csrf-frontend\";i:1;s:32:\"hWg_eOIc2XeWwR6lg-wHmXfuLPvRa-ZO\";}'
]

$_SESSION = [
    '__flash' => []
]

$_SERVER = [
    'MIBDIRS' => 'F:/web development/xampp/php/extras/mibs'
    'MYSQL_HOME' => '\\xampp\\mysql\\bin'
    'OPENSSL_CONF' => 'F:/web development/xampp/apache/bin/openssl.cnf'
    'PHP_PEAR_SYSCONF_DIR' => '\\xampp\\php'
    'PHPRC' => '\\xampp\\php'
    'TMP' => '\\xampp\\tmp'
    'HTTP_HOST' => 'localhost'
    'HTTP_CONNECTION' => 'keep-alive'
    'CONTENT_LENGTH' => '230'
    'HTTP_CACHE_CONTROL' => 'max-age=0'
    'HTTP_ORIGIN' => 'http://localhost'
    'HTTP_UPGRADE_INSECURE_REQUESTS' => '1'
    'CONTENT_TYPE' => 'application/x-www-form-urlencoded'
    'HTTP_USER_AGENT' => 'Mozilla/5.0 (Windows NT 10.0; Win64; x64) AppleWebKit/537.36 (KHTML, like Gecko) Chrome/76.0.3809.132 Safari/537.36'
    'HTTP_SEC_FETCH_MODE' => 'navigate'
    'HTTP_SEC_FETCH_USER' => '?1'
    'HTTP_ACCEPT' => 'text/html,application/xhtml+xml,application/xml;q=0.9,image/webp,image/apng,*/*;q=0.8,application/signed-exchange;v=b3'
    'HTTP_SEC_FETCH_SITE' => 'same-origin'
    'HTTP_REFERER' => 'http://localhost/rems/frontend/web/index.php?r=site%2Fsignup'
    'HTTP_ACCEPT_ENCODING' => 'gzip, deflate, br'
    'HTTP_ACCEPT_LANGUAGE' => 'en-US,en;q=0.9'
    'HTTP_COOKIE' => '_identity-backend=0bc1d2a163f8c52fbd6c3e8bb9e35f2647c43ce5905895374bb3034dbe4b7e3ea%3A2%3A%7Bi%3A0%3Bs%3A17%3A%22_identity-backend%22%3Bi%3A1%3Bs%3A46%3A%22%5B1%2C%22E3o-4bvdBwY6RnwN7VZK3NEFhlxVeDh_%22%2C2592000%5D%22%3B%7D; advanced-backend=rdbdmhjl2fmf73d9v27tf0n5jc; _csrf-backend=02edba2707a3c1e3da3a72d3fffb053f87d39b57a602dfa7ca3e24c18a72ef0aa%3A2%3A%7Bi%3A0%3Bs%3A13%3A%22_csrf-backend%22%3Bi%3A1%3Bs%3A32%3A%224GWv0ruUPxioUNNTzHPR2tFmotBFG2IM%22%3B%7D; advanced-frontend=a37r70nk2ibn7l3fvidsani2nq; _csrf-frontend=a7a66d2a21baa016513cec44c692e8c6c5c734ac3e7ec9c6a367a3e7c43299e2a%3A2%3A%7Bi%3A0%3Bs%3A14%3A%22_csrf-frontend%22%3Bi%3A1%3Bs%3A32%3A%22hWg_eOIc2XeWwR6lg-wHmXfuLPvRa-ZO%22%3B%7D'
    'PATH' => 'C:\\Windows\\system32;C:\\Windows;C:\\Windows\\System32\\Wbem;C:\\Windows\\System32\\WindowsPowerShell\\v1.0\\;C:\\Windows\\System32\\OpenSSH\\;C:\\Program Files\\Git\\cmd;C:\\Users\\Saqib Rehan\\AppData\\Local\\Microsoft\\WindowsApps;'
    'SystemRoot' => 'C:\\Windows'
    'COMSPEC' => 'C:\\Windows\\system32\\cmd.exe'
    'PATHEXT' => '.COM;.EXE;.BAT;.CMD;.VBS;.VBE;.JS;.JSE;.WSF;.WSH;.MSC'
    'WINDIR' => 'C:\\Windows'
    'SERVER_SIGNATURE' => '<address>Apache/2.4.39 (Win64) OpenSSL/1.1.1b PHP/7.3.5 Server at localhost Port 80</address>
'
    'SERVER_SOFTWARE' => 'Apache/2.4.39 (Win64) OpenSSL/1.1.1b PHP/7.3.5'
    'SERVER_NAME' => 'localhost'
    'SERVER_ADDR' => '::1'
    'SERVER_PORT' => '80'
    'REMOTE_ADDR' => '::1'
    'DOCUMENT_ROOT' => 'F:/web development/xampp/htdocs'
    'REQUEST_SCHEME' => 'http'
    'CONTEXT_PREFIX' => ''
    'CONTEXT_DOCUMENT_ROOT' => 'F:/web development/xampp/htdocs'
    'SERVER_ADMIN' => 'postmaster@localhost'
    'SCRIPT_FILENAME' => 'F:/web development/xampp/htdocs/rems/frontend/web/index.php'
    'REMOTE_PORT' => '49933'
    'GATEWAY_INTERFACE' => 'CGI/1.1'
    'SERVER_PROTOCOL' => 'HTTP/1.1'
    'REQUEST_METHOD' => 'POST'
    'QUERY_STRING' => 'r=site%2Fsignup'
    'REQUEST_URI' => '/rems/frontend/web/index.php?r=site%2Fsignup'
    'SCRIPT_NAME' => '/rems/frontend/web/index.php'
    'PHP_SELF' => '/rems/frontend/web/index.php'
    'REQUEST_TIME_FLOAT' => 1568447186.429
    'REQUEST_TIME' => 1568447186
]
2019-09-23 14:56:54 [::1][-][-][warning][yii\log\Dispatcher::dispatch] Unable to send log via yii\debug\LogTarget: PHP Notice 'yii\base\ErrorException' with message 'unserialize(): Error at offset 0 of 16315 bytes' 

in C:\xampp\htdocs\rems\vendor\opis\closure\functions.php:34

Stack trace:
#0 [internal function]: yii\base\ErrorHandler->handleError(8, 'unserialize(): ...', 'C:\\xampp\\htdocs...', 34, Array)
#1 C:\xampp\htdocs\rems\vendor\opis\closure\functions.php(34): unserialize('<<<<<<< HEAD\na:...')
#2 C:\xampp\htdocs\rems\vendor\yiisoft\yii2-debug\src\LogTarget.php(105): Opis\Closure\unserialize('<<<<<<< HEAD\na:...')
#3 C:\xampp\htdocs\rems\vendor\yiisoft\yii2-debug\src\LogTarget.php(80): yii\debug\LogTarget->updateIndexFile('C:\\xampp\\htdocs...', Array)
#4 C:\xampp\htdocs\rems\vendor\yiisoft\yii2-debug\src\LogTarget.php(136): yii\debug\LogTarget->export()
#5 C:\xampp\htdocs\rems\vendor\yiisoft\yii2\log\Dispatcher.php(189): yii\debug\LogTarget->collect(Array, true)
#6 C:\xampp\htdocs\rems\vendor\yiisoft\yii2\log\Logger.php(177): yii\log\Dispatcher->dispatch(Array, true)
#7 [internal function]: yii\log\Logger->flush(true)
#8 {main}
2019-09-23 14:56:51 [::1][-][-][info][application] $_GET = [
    'r' => 'site/login'
]

$_POST = []

$_FILES = []

$_COOKIE = [
    '_identity-backend' => 'bd012dd5141db5896389b0941f986ba3c722c28385d5b07166355b1bc29187f5a:2:{i:0;s:17:\"_identity-backend\";i:1;s:46:\"[3,\"xqZuT3vxOiZ-rsN56V6wjZhi7VXMpKnD\",2592000]\";}'
    'PHPSESSID' => '6asgechivu4vao2drurrt2rf65'
    'advanced-backend' => '4u38ppjd53caqld8en06uieeur'
    '_csrf-backend' => '4ec8000a4abca4a7b2bef94a1c6c4d0505ebfbec4b403cbcf4be214d7adc7e6ea:2:{i:0;s:13:\"_csrf-backend\";i:1;s:32:\"15A8qV3F6QqFoSvSPAZ6dY2hfVOo0TbL\";}'
    'advanced-frontend' => '2nl2hdvk30ciad97c8mrqrprru'
    '_csrf-frontend' => 'ab6cb78415cedd6f85199baced75d1a73a454ddd13c83c6ed04d99c26d82e260a:2:{i:0;s:14:\"_csrf-frontend\";i:1;s:32:\"qWQK-szJdh-0JEZYTuokKOtm5Qt-rQAN\";}'
]

$_SESSION = [
    '__flash' => []
]

$_SERVER = [
    'MIBDIRS' => 'C:/xampp/php/extras/mibs'
    'MYSQL_HOME' => '\\xampp\\mysql\\bin'
    'OPENSSL_CONF' => 'C:/xampp/apache/bin/openssl.cnf'
    'PHP_PEAR_SYSCONF_DIR' => '\\xampp\\php'
    'PHPRC' => '\\xampp\\php'
    'TMP' => '\\xampp\\tmp'
    'HTTP_HOST' => 'localhost'
    'HTTP_CONNECTION' => 'keep-alive'
    'HTTP_UPGRADE_INSECURE_REQUESTS' => '1'
    'HTTP_USER_AGENT' => 'Mozilla/5.0 (Windows NT 10.0; Win64; x64) AppleWebKit/537.36 (KHTML, like Gecko) Chrome/76.0.3809.132 Safari/537.36'
    'HTTP_SEC_FETCH_MODE' => 'navigate'
    'HTTP_SEC_FETCH_USER' => '?1'
    'HTTP_ACCEPT' => 'text/html,application/xhtml+xml,application/xml;q=0.9,image/webp,image/apng,*/*;q=0.8,application/signed-exchange;v=b3'
    'HTTP_SEC_FETCH_SITE' => 'none'
    'HTTP_ACCEPT_ENCODING' => 'gzip, deflate, br'
    'HTTP_ACCEPT_LANGUAGE' => 'en-US,en;q=0.9,ur;q=0.8'
    'HTTP_COOKIE' => '_identity-backend=bd012dd5141db5896389b0941f986ba3c722c28385d5b07166355b1bc29187f5a%3A2%3A%7Bi%3A0%3Bs%3A17%3A%22_identity-backend%22%3Bi%3A1%3Bs%3A46%3A%22%5B3%2C%22xqZuT3vxOiZ-rsN56V6wjZhi7VXMpKnD%22%2C2592000%5D%22%3B%7D; PHPSESSID=6asgechivu4vao2drurrt2rf65; advanced-backend=4u38ppjd53caqld8en06uieeur; _csrf-backend=4ec8000a4abca4a7b2bef94a1c6c4d0505ebfbec4b403cbcf4be214d7adc7e6ea%3A2%3A%7Bi%3A0%3Bs%3A13%3A%22_csrf-backend%22%3Bi%3A1%3Bs%3A32%3A%2215A8qV3F6QqFoSvSPAZ6dY2hfVOo0TbL%22%3B%7D; advanced-frontend=2nl2hdvk30ciad97c8mrqrprru; _csrf-frontend=ab6cb78415cedd6f85199baced75d1a73a454ddd13c83c6ed04d99c26d82e260a%3A2%3A%7Bi%3A0%3Bs%3A14%3A%22_csrf-frontend%22%3Bi%3A1%3Bs%3A32%3A%22qWQK-szJdh-0JEZYTuokKOtm5Qt-rQAN%22%3B%7D'
    'PATH' => 'C:\\Program Files (x86)\\Common Files\\Oracle\\Java\\javapath;C:\\WINDOWS\\system32;C:\\WINDOWS;C:\\WINDOWS\\System32\\Wbem;C:\\WINDOWS\\System32\\WindowsPowerShell\\v1.0\\;C:\\WINDOWS\\System32\\OpenSSH\\;C:\\Program Files (x86)\\Intel\\OpenCL SDK\\2.0\\bin\\x86;C:\\Program Files (x86)\\Intel\\OpenCL SDK\\2.0\\bin\\x64;C:\\xampp\\php;C:\\composer;C:\\Program Files\\Git\\cmd;C:\\ProgramData\\chocolatey\\bin;C:\\Program Files (x86)\\Yarn\\bin\\;C:\\Users\\Usama Ali\\AppData\\Local\\Microsoft\\WindowsApps;C:\\Users\\Usama Ali\\AppData\\Roaming\\Composer\\vendor\\bin;C:\\Users\\Usama Ali\\AppData\\Local\\Yarn\\bin'
    'SystemRoot' => 'C:\\WINDOWS'
    'COMSPEC' => 'C:\\WINDOWS\\system32\\cmd.exe'
    'PATHEXT' => '.COM;.EXE;.BAT;.CMD;.VBS;.VBE;.JS;.JSE;.WSF;.WSH;.MSC'
    'WINDIR' => 'C:\\WINDOWS'
    'SERVER_SIGNATURE' => '<address>Apache/2.4.33 (Win32) OpenSSL/1.1.0h PHP/7.2.6 Server at localhost Port 80</address>
'
    'SERVER_SOFTWARE' => 'Apache/2.4.33 (Win32) OpenSSL/1.1.0h PHP/7.2.6'
    'SERVER_NAME' => 'localhost'
    'SERVER_ADDR' => '::1'
    'SERVER_PORT' => '80'
    'REMOTE_ADDR' => '::1'
    'DOCUMENT_ROOT' => 'C:/xampp/htdocs'
    'REQUEST_SCHEME' => 'http'
    'CONTEXT_PREFIX' => ''
    'CONTEXT_DOCUMENT_ROOT' => 'C:/xampp/htdocs'
    'SERVER_ADMIN' => 'postmaster@localhost'
    'SCRIPT_FILENAME' => 'C:/xampp/htdocs/rems/frontend/web/index.php'
    'REMOTE_PORT' => '52875'
    'GATEWAY_INTERFACE' => 'CGI/1.1'
    'SERVER_PROTOCOL' => 'HTTP/1.1'
    'REQUEST_METHOD' => 'GET'
    'QUERY_STRING' => 'r=site%2Flogin'
    'REQUEST_URI' => '/rems/frontend/web/index.php?r=site%2Flogin'
    'SCRIPT_NAME' => '/rems/frontend/web/index.php'
    'PHP_SELF' => '/rems/frontend/web/index.php'
    'REQUEST_TIME_FLOAT' => 1569243411.232
    'REQUEST_TIME' => 1569243411
]
2019-09-23 14:56:57 [::1][-][-][warning][yii\log\Dispatcher::dispatch] Unable to send log via yii\debug\LogTarget: PHP Notice 'yii\base\ErrorException' with message 'unserialize(): Error at offset 0 of 16315 bytes' 

in C:\xampp\htdocs\rems\vendor\opis\closure\functions.php:34

Stack trace:
#0 [internal function]: yii\base\ErrorHandler->handleError(8, 'unserialize(): ...', 'C:\\xampp\\htdocs...', 34, Array)
#1 C:\xampp\htdocs\rems\vendor\opis\closure\functions.php(34): unserialize('<<<<<<< HEAD\na:...')
#2 C:\xampp\htdocs\rems\vendor\yiisoft\yii2-debug\src\LogTarget.php(105): Opis\Closure\unserialize('<<<<<<< HEAD\na:...')
#3 C:\xampp\htdocs\rems\vendor\yiisoft\yii2-debug\src\LogTarget.php(80): yii\debug\LogTarget->updateIndexFile('C:\\xampp\\htdocs...', Array)
#4 C:\xampp\htdocs\rems\vendor\yiisoft\yii2-debug\src\LogTarget.php(136): yii\debug\LogTarget->export()
#5 C:\xampp\htdocs\rems\vendor\yiisoft\yii2\log\Dispatcher.php(189): yii\debug\LogTarget->collect(Array, true)
#6 C:\xampp\htdocs\rems\vendor\yiisoft\yii2\log\Logger.php(177): yii\log\Dispatcher->dispatch(Array, true)
#7 [internal function]: yii\log\Logger->flush(true)
#8 {main}
2019-09-23 14:56:56 [::1][-][-][info][application] $_GET = [
    'r' => 'site/signup'
]

$_POST = []

$_FILES = []

$_COOKIE = [
    '_identity-backend' => 'bd012dd5141db5896389b0941f986ba3c722c28385d5b07166355b1bc29187f5a:2:{i:0;s:17:\"_identity-backend\";i:1;s:46:\"[3,\"xqZuT3vxOiZ-rsN56V6wjZhi7VXMpKnD\",2592000]\";}'
    'PHPSESSID' => '6asgechivu4vao2drurrt2rf65'
    'advanced-backend' => '4u38ppjd53caqld8en06uieeur'
    '_csrf-backend' => '4ec8000a4abca4a7b2bef94a1c6c4d0505ebfbec4b403cbcf4be214d7adc7e6ea:2:{i:0;s:13:\"_csrf-backend\";i:1;s:32:\"15A8qV3F6QqFoSvSPAZ6dY2hfVOo0TbL\";}'
    'advanced-frontend' => '2nl2hdvk30ciad97c8mrqrprru'
    '_csrf-frontend' => 'ab6cb78415cedd6f85199baced75d1a73a454ddd13c83c6ed04d99c26d82e260a:2:{i:0;s:14:\"_csrf-frontend\";i:1;s:32:\"qWQK-szJdh-0JEZYTuokKOtm5Qt-rQAN\";}'
]

$_SESSION = [
    '__flash' => []
]

$_SERVER = [
    'MIBDIRS' => 'C:/xampp/php/extras/mibs'
    'MYSQL_HOME' => '\\xampp\\mysql\\bin'
    'OPENSSL_CONF' => 'C:/xampp/apache/bin/openssl.cnf'
    'PHP_PEAR_SYSCONF_DIR' => '\\xampp\\php'
    'PHPRC' => '\\xampp\\php'
    'TMP' => '\\xampp\\tmp'
    'HTTP_HOST' => 'localhost'
    'HTTP_CONNECTION' => 'keep-alive'
    'HTTP_UPGRADE_INSECURE_REQUESTS' => '1'
    'HTTP_USER_AGENT' => 'Mozilla/5.0 (Windows NT 10.0; Win64; x64) AppleWebKit/537.36 (KHTML, like Gecko) Chrome/76.0.3809.132 Safari/537.36'
    'HTTP_SEC_FETCH_MODE' => 'navigate'
    'HTTP_SEC_FETCH_USER' => '?1'
    'HTTP_ACCEPT' => 'text/html,application/xhtml+xml,application/xml;q=0.9,image/webp,image/apng,*/*;q=0.8,application/signed-exchange;v=b3'
    'HTTP_SEC_FETCH_SITE' => 'same-origin'
    'HTTP_REFERER' => 'http://localhost/rems/frontend/web/index.php?r=site%2Flogin'
    'HTTP_ACCEPT_ENCODING' => 'gzip, deflate, br'
    'HTTP_ACCEPT_LANGUAGE' => 'en-US,en;q=0.9,ur;q=0.8'
    'HTTP_COOKIE' => '_identity-backend=bd012dd5141db5896389b0941f986ba3c722c28385d5b07166355b1bc29187f5a%3A2%3A%7Bi%3A0%3Bs%3A17%3A%22_identity-backend%22%3Bi%3A1%3Bs%3A46%3A%22%5B3%2C%22xqZuT3vxOiZ-rsN56V6wjZhi7VXMpKnD%22%2C2592000%5D%22%3B%7D; PHPSESSID=6asgechivu4vao2drurrt2rf65; advanced-backend=4u38ppjd53caqld8en06uieeur; _csrf-backend=4ec8000a4abca4a7b2bef94a1c6c4d0505ebfbec4b403cbcf4be214d7adc7e6ea%3A2%3A%7Bi%3A0%3Bs%3A13%3A%22_csrf-backend%22%3Bi%3A1%3Bs%3A32%3A%2215A8qV3F6QqFoSvSPAZ6dY2hfVOo0TbL%22%3B%7D; advanced-frontend=2nl2hdvk30ciad97c8mrqrprru; _csrf-frontend=ab6cb78415cedd6f85199baced75d1a73a454ddd13c83c6ed04d99c26d82e260a%3A2%3A%7Bi%3A0%3Bs%3A14%3A%22_csrf-frontend%22%3Bi%3A1%3Bs%3A32%3A%22qWQK-szJdh-0JEZYTuokKOtm5Qt-rQAN%22%3B%7D'
    'PATH' => 'C:\\Program Files (x86)\\Common Files\\Oracle\\Java\\javapath;C:\\WINDOWS\\system32;C:\\WINDOWS;C:\\WINDOWS\\System32\\Wbem;C:\\WINDOWS\\System32\\WindowsPowerShell\\v1.0\\;C:\\WINDOWS\\System32\\OpenSSH\\;C:\\Program Files (x86)\\Intel\\OpenCL SDK\\2.0\\bin\\x86;C:\\Program Files (x86)\\Intel\\OpenCL SDK\\2.0\\bin\\x64;C:\\xampp\\php;C:\\composer;C:\\Program Files\\Git\\cmd;C:\\ProgramData\\chocolatey\\bin;C:\\Program Files (x86)\\Yarn\\bin\\;C:\\Users\\Usama Ali\\AppData\\Local\\Microsoft\\WindowsApps;C:\\Users\\Usama Ali\\AppData\\Roaming\\Composer\\vendor\\bin;C:\\Users\\Usama Ali\\AppData\\Local\\Yarn\\bin'
    'SystemRoot' => 'C:\\WINDOWS'
    'COMSPEC' => 'C:\\WINDOWS\\system32\\cmd.exe'
    'PATHEXT' => '.COM;.EXE;.BAT;.CMD;.VBS;.VBE;.JS;.JSE;.WSF;.WSH;.MSC'
    'WINDIR' => 'C:\\WINDOWS'
    'SERVER_SIGNATURE' => '<address>Apache/2.4.33 (Win32) OpenSSL/1.1.0h PHP/7.2.6 Server at localhost Port 80</address>
'
    'SERVER_SOFTWARE' => 'Apache/2.4.33 (Win32) OpenSSL/1.1.0h PHP/7.2.6'
    'SERVER_NAME' => 'localhost'
    'SERVER_ADDR' => '::1'
    'SERVER_PORT' => '80'
    'REMOTE_ADDR' => '::1'
    'DOCUMENT_ROOT' => 'C:/xampp/htdocs'
    'REQUEST_SCHEME' => 'http'
    'CONTEXT_PREFIX' => ''
    'CONTEXT_DOCUMENT_ROOT' => 'C:/xampp/htdocs'
    'SERVER_ADMIN' => 'postmaster@localhost'
    'SCRIPT_FILENAME' => 'C:/xampp/htdocs/rems/frontend/web/index.php'
    'REMOTE_PORT' => '52877'
    'GATEWAY_INTERFACE' => 'CGI/1.1'
    'SERVER_PROTOCOL' => 'HTTP/1.1'
    'REQUEST_METHOD' => 'GET'
    'QUERY_STRING' => 'r=site%2Fsignup'
    'REQUEST_URI' => '/rems/frontend/web/index.php?r=site%2Fsignup'
    'SCRIPT_NAME' => '/rems/frontend/web/index.php'
    'PHP_SELF' => '/rems/frontend/web/index.php'
    'REQUEST_TIME_FLOAT' => 1569243416.873
    'REQUEST_TIME' => 1569243416
]
